<?xml version="1.0" encoding="UTF-8"?>
<!-- Generated by org.testng.reporters.JUnitReportReporter -->
<testsuite hostname="LAPTOP-OS4RGE3T" failures="0" tests="4" name="TestCases.PriorityTest" time="15.917" errors="0" timestamp="2022-06-17T18:38:24 IST" skipped="0">
  <testcase classname="TestCases.PriorityTest" name="verfiytitletest" time="2.875"/>
  <system-out/>
  <testcase classname="TestCases.PriorityTest" name="verifyzerodhalogo" time="2.251"/>
  <system-out/>
  <testcase classname="TestCases.PriorityTest" name="verifykitelogoTest" time="2.226"/>
  <system-out/>
  <testcase classname="TestCases.PriorityTest" name="loginToApptest" time="8.565"/>
  <system-out/>
</testsuite> <!-- TestCases.PriorityTest -->
