<?xml version="1.0" encoding="UTF-8"?>
<!-- Generated by org.testng.reporters.JUnitReportReporter -->
<testsuite hostname="LAPTOP-OS4RGE3T" failures="0" tests="4" name="TestCases.GroupTest1" time="15.666" errors="0" timestamp="2022-06-17T18:38:24 IST" skipped="0">
  <testcase classname="TestCases.GroupTest1" name="verfiytitletest" time="2.297"/>
  <system-out/>
  <testcase classname="TestCases.GroupTest1" name="loginToApptest" time="8.751"/>
  <system-out/>
  <testcase classname="TestCases.GroupTest1" name="verifyzerodhalogo" time="2.293"/>
  <system-out/>
  <testcase classname="TestCases.GroupTest1" name="verifykitelogoTest" time="2.325"/>
  <system-out/>
</testsuite> <!-- TestCases.GroupTest1 -->
