<?xml version="1.0" encoding="UTF-8"?>
<!-- Generated by org.testng.reporters.JUnitReportReporter -->
<testsuite hostname="LAPTOP-OS4RGE3T" failures="0" tests="4" name="TestCases.LoginPageTest" time="15.327" errors="0" timestamp="2022-06-17T18:38:24 IST" skipped="0">
  <testcase classname="TestCases.LoginPageTest" name="loginToApptest" time="8.552"/>
  <system-out/>
  <testcase classname="TestCases.LoginPageTest" name="verfiytitletest" time="2.288"/>
  <system-out/>
  <testcase classname="TestCases.LoginPageTest" name="verifyzerodhalogo" time="2.212"/>
  <system-out/>
  <testcase classname="TestCases.LoginPageTest" name="verifykitelogoTest" time="2.275"/>
  <system-out/>
</testsuite> <!-- TestCases.LoginPageTest -->
