<?xml version="1.0" encoding="UTF-8"?>
<!-- Generated by org.testng.reporters.JUnitReportReporter -->
<testsuite hostname="LAPTOP-OS4RGE3T" failures="0" tests="3" name="TestCases.ParallelTest" time="26.970" errors="0" timestamp="2022-06-20T18:35:48 IST" skipped="0">
  <testcase classname="TestCases.ParallelTest" name="openamazon" time="7.756"/>
  <system-out/>
  <testcase classname="TestCases.ParallelTest" name="openfb" time="8.658"/>
  <system-out/>
  <testcase classname="TestCases.ParallelTest" name="openchrome" time="10.556"/>
  <system-out/>
</testsuite> <!-- TestCases.ParallelTest -->
