<?xml version="1.0" encoding="UTF-8"?>
<!-- Generated by org.testng.reporters.JUnitReportReporter -->
<testsuite hostname="LAPTOP-OS4RGE3T" failures="0" tests="4" name="TestCases.GroupTest" time="15.640" errors="0" timestamp="2022-06-17T18:38:24 IST" skipped="0">
  <testcase classname="TestCases.GroupTest" name="verifyzerodhalogo" time="2.463"/>
  <system-out/>
  <testcase classname="TestCases.GroupTest" name="verifykitelogoTest" time="2.241"/>
  <system-out/>
  <testcase classname="TestCases.GroupTest" name="verfiytitletest" time="2.229"/>
  <system-out/>
  <testcase classname="TestCases.GroupTest" name="loginToApptest" time="8.707"/>
  <system-out/>
</testsuite> <!-- TestCases.GroupTest -->
