<?xml version="1.0" encoding="UTF-8"?>
<!-- Generated by org.testng.reporters.JUnitReportReporter -->
<testsuite hostname="LAPTOP-OS4RGE3T" failures="0" tests="1" name="TestCases.SoftAssert" time="0.008" errors="0" timestamp="2022-06-17T17:35:54 IST" skipped="0">
  <testcase classname="TestCases.SoftAssert" name="method1" time="0.008"/>
  <system-out/>
</testsuite> <!-- TestCases.SoftAssert -->
